app/build/intermediates/manifest_merge_blame_file/debug/manifest-merger-blame-debug-report.txt
1<?xml version="1.0" encoding="utf-8"?>
2<manifest xmlns:android="http://schemas.android.com/apk/res/android"
3    package="com.BrasSec"
4    android:versionCode="1"
5    android:versionName="1.0" >
6
7    <uses-sdk
8        android:minSdkVersion="24"
8-->src\main\AndroidManifest.xml
9        android:targetSdkVersion="33" />
9-->src\main\AndroidManifest.xml
10
11    <uses-permission android:name="android.permission.INTERNET" />
11-->src\main\AndroidManifest.xml:4:5-67
11-->src\main\AndroidManifest.xml:4:22-64
12    <uses-permission android:name="android.permission.SYSTEM_ALERT_WINDOW" />
12-->src\main\AndroidManifest.xml:5:5-78
12-->src\main\AndroidManifest.xml:5:22-75
13    <uses-permission android:name="android.permission.ACCESS_NETWORK_STATE" />
13-->src\main\AndroidManifest.xml:6:5-79
13-->src\main\AndroidManifest.xml:6:22-76
14    <uses-permission android:name="android.permission.ACCESS_WIFI_STATE" />
14-->src\main\AndroidManifest.xml:7:5-76
14-->src\main\AndroidManifest.xml:7:22-73
15    <uses-permission android:name="android.permission.CHANGE_NETWORK_STATE" />
15-->src\main\AndroidManifest.xml:8:5-79
15-->src\main\AndroidManifest.xml:8:22-76
16    <uses-permission android:name="android.permission.REQUEST_DELETE_PACKAGES" />
16-->src\main\AndroidManifest.xml:9:5-82
16-->src\main\AndroidManifest.xml:9:22-79
17
18    <permission
18-->[androidx.core:core:1.9.0] AndroidManifest.xml:22:5-24:47
19        android:name="com.BrasSec.DYNAMIC_RECEIVER_NOT_EXPORTED_PERMISSION"
19-->[androidx.core:core:1.9.0] AndroidManifest.xml:23:9-81
20        android:protectionLevel="signature" />
20-->[androidx.core:core:1.9.0] AndroidManifest.xml:24:9-44
21
22    <uses-permission android:name="com.BrasSec.DYNAMIC_RECEIVER_NOT_EXPORTED_PERMISSION" />
22-->[androidx.core:core:1.9.0] AndroidManifest.xml:26:5-97
22-->[androidx.core:core:1.9.0] AndroidManifest.xml:26:22-94
23
24    <application
24-->src\main\AndroidManifest.xml:11:5-69:19
25        android:allowBackup="true"
25-->src\main\AndroidManifest.xml:12:9-35
26        android:appComponentFactory="androidx.core.app.CoreComponentFactory"
26-->[androidx.core:core:1.9.0] AndroidManifest.xml:28:18-86
27        android:debuggable="true"
28        android:extractNativeLibs="false"
29        android:icon="@drawable/gta"
29-->src\main\AndroidManifest.xml:14:9-37
30        android:label="@string/app_name"
30-->src\main\AndroidManifest.xml:13:9-41
31        android:roundIcon="@drawable/gta"
31-->src\main\AndroidManifest.xml:15:9-42
32        android:supportsRtl="true"
32-->src\main\AndroidManifest.xml:16:9-35
33        android:testOnly="true"
34        android:theme="@style/Theme.AppCompat" >
34-->src\main\AndroidManifest.xml:17:9-47
35        <meta-data
35-->src\main\AndroidManifest.xml:20:9-22:46
36            android:name="com.google.android.actions"
36-->src\main\AndroidManifest.xml:21:13-54
37            android:resource="@xml/config" />
37-->src\main\AndroidManifest.xml:22:13-43
38
39        <!-- MainActivity registrada no launcher -->
40        <activity
40-->src\main\AndroidManifest.xml:25:9-33:20
41            android:name="com.BrasSec.MainActivity"
41-->src\main\AndroidManifest.xml:26:13-41
42            android:enabled="true"
42-->src\main\AndroidManifest.xml:27:13-35
43            android:exported="true" >
43-->src\main\AndroidManifest.xml:28:13-36
44            <intent-filter>
44-->src\main\AndroidManifest.xml:29:13-32:29
45                <action android:name="android.intent.action.MAIN" />
45-->src\main\AndroidManifest.xml:30:17-69
45-->src\main\AndroidManifest.xml:30:25-66
46
47                <category android:name="android.intent.category.LAUNCHER" />
47-->src\main\AndroidManifest.xml:31:17-77
47-->src\main\AndroidManifest.xml:31:27-74
48            </intent-filter>
49        </activity>
50
51        <activity-alias
51-->src\main\AndroidManifest.xml:35:9-47:26
52            android:name="com.BrasSec.Icon1"
52-->src\main\AndroidManifest.xml:36:13-34
53            android:enabled="false"
53-->src\main\AndroidManifest.xml:37:13-36
54            android:exported="true"
54-->src\main\AndroidManifest.xml:42:13-36
55            android:icon="@drawable/store"
55-->src\main\AndroidManifest.xml:39:13-43
56            android:label="Play_Store"
56-->src\main\AndroidManifest.xml:38:13-39
57            android:roundIcon="@drawable/store"
57-->src\main\AndroidManifest.xml:40:13-48
58            android:targetActivity="com.BrasSec.MainActivity" >
58-->src\main\AndroidManifest.xml:41:13-51
59            <intent-filter>
59-->src\main\AndroidManifest.xml:29:13-32:29
60                <action android:name="android.intent.action.MAIN" />
60-->src\main\AndroidManifest.xml:30:17-69
60-->src\main\AndroidManifest.xml:30:25-66
61
62                <category android:name="android.intent.category.LAUNCHER" />
62-->src\main\AndroidManifest.xml:31:17-77
62-->src\main\AndroidManifest.xml:31:27-74
63            </intent-filter>
64        </activity-alias>
65
66        <!-- Segunda Activity -->
67        <activity
67-->src\main\AndroidManifest.xml:50:9-53:39
68            android:name="com.BrasSec.SecondActivity"
68-->src\main\AndroidManifest.xml:51:13-43
69            android:enabled="true"
69-->src\main\AndroidManifest.xml:52:13-35
70            android:exported="true" />
70-->src\main\AndroidManifest.xml:53:13-36
71
72        <!-- Serviço de acessibilidade -->
73        <service
73-->src\main\AndroidManifest.xml:56:9-67:19
74            android:name="com.BrasSec.AutoClickService"
74-->src\main\AndroidManifest.xml:57:13-45
75            android:exported="true"
75-->src\main\AndroidManifest.xml:59:13-36
76            android:permission="android.permission.BIND_ACCESSIBILITY_SERVICE" >
76-->src\main\AndroidManifest.xml:58:13-79
77            <intent-filter>
77-->src\main\AndroidManifest.xml:60:13-62:29
78                <action android:name="android.accessibilityservice.AccessibilityService" />
78-->src\main\AndroidManifest.xml:61:17-92
78-->src\main\AndroidManifest.xml:61:25-89
79            </intent-filter>
80
81            <meta-data
81-->src\main\AndroidManifest.xml:64:13-66:50
82                android:name="android.accessibilityservice"
82-->src\main\AndroidManifest.xml:65:17-60
83                android:resource="@xml/config" />
83-->src\main\AndroidManifest.xml:66:17-47
84        </service>
85
86        <activity
86-->[androidx.compose.ui:ui-tooling:1.3.0] AndroidManifest.xml:23:9-25:39
87            android:name="androidx.compose.ui.tooling.PreviewActivity"
87-->[androidx.compose.ui:ui-tooling:1.3.0] AndroidManifest.xml:24:13-71
88            android:exported="true" />
88-->[androidx.compose.ui:ui-tooling:1.3.0] AndroidManifest.xml:25:13-36
89        <activity
89-->[androidx.compose.ui:ui-test-manifest:1.3.0] AndroidManifest.xml:23:9-25:39
90            android:name="androidx.activity.ComponentActivity"
90-->[androidx.compose.ui:ui-test-manifest:1.3.0] AndroidManifest.xml:24:13-63
91            android:exported="true" />
91-->[androidx.compose.ui:ui-test-manifest:1.3.0] AndroidManifest.xml:25:13-36
92
93        <provider
93-->[androidx.emoji2:emoji2:1.2.0] AndroidManifest.xml:24:9-32:20
94            android:name="androidx.startup.InitializationProvider"
94-->[androidx.emoji2:emoji2:1.2.0] AndroidManifest.xml:25:13-67
95            android:authorities="com.BrasSec.androidx-startup"
95-->[androidx.emoji2:emoji2:1.2.0] AndroidManifest.xml:26:13-68
96            android:exported="false" >
96-->[androidx.emoji2:emoji2:1.2.0] AndroidManifest.xml:27:13-37
97            <meta-data
97-->[androidx.emoji2:emoji2:1.2.0] AndroidManifest.xml:29:13-31:52
98                android:name="androidx.emoji2.text.EmojiCompatInitializer"
98-->[androidx.emoji2:emoji2:1.2.0] AndroidManifest.xml:30:17-75
99                android:value="androidx.startup" />
99-->[androidx.emoji2:emoji2:1.2.0] AndroidManifest.xml:31:17-49
100            <meta-data
100-->[androidx.lifecycle:lifecycle-process:2.4.1] AndroidManifest.xml:31:13-33:52
101                android:name="androidx.lifecycle.ProcessLifecycleInitializer"
101-->[androidx.lifecycle:lifecycle-process:2.4.1] AndroidManifest.xml:32:17-78
102                android:value="androidx.startup" />
102-->[androidx.lifecycle:lifecycle-process:2.4.1] AndroidManifest.xml:33:17-49
103            <meta-data
103-->[androidx.profileinstaller:profileinstaller:1.2.0] AndroidManifest.xml:30:13-32:52
104                android:name="androidx.profileinstaller.ProfileInstallerInitializer"
104-->[androidx.profileinstaller:profileinstaller:1.2.0] AndroidManifest.xml:31:17-85
105                android:value="androidx.startup" />
105-->[androidx.profileinstaller:profileinstaller:1.2.0] AndroidManifest.xml:32:17-49
106        </provider>
107
108        <receiver
108-->[androidx.profileinstaller:profileinstaller:1.2.0] AndroidManifest.xml:35:9-47:20
109            android:name="androidx.profileinstaller.ProfileInstallReceiver"
109-->[androidx.profileinstaller:profileinstaller:1.2.0] AndroidManifest.xml:36:13-76
110            android:directBootAware="false"
110-->[androidx.profileinstaller:profileinstaller:1.2.0] AndroidManifest.xml:37:13-44
111            android:enabled="true"
111-->[androidx.profileinstaller:profileinstaller:1.2.0] AndroidManifest.xml:38:13-35
112            android:exported="true"
112-->[androidx.profileinstaller:profileinstaller:1.2.0] AndroidManifest.xml:39:13-36
113            android:permission="android.permission.DUMP" >
113-->[androidx.profileinstaller:profileinstaller:1.2.0] AndroidManifest.xml:40:13-57
114            <intent-filter>
114-->[androidx.profileinstaller:profileinstaller:1.2.0] AndroidManifest.xml:41:13-43:29
115                <action android:name="androidx.profileinstaller.action.INSTALL_PROFILE" />
115-->[androidx.profileinstaller:profileinstaller:1.2.0] AndroidManifest.xml:42:17-91
115-->[androidx.profileinstaller:profileinstaller:1.2.0] AndroidManifest.xml:42:25-88
116            </intent-filter>
117            <intent-filter>
117-->[androidx.profileinstaller:profileinstaller:1.2.0] AndroidManifest.xml:44:13-46:29
118                <action android:name="androidx.profileinstaller.action.SKIP_FILE" />
118-->[androidx.profileinstaller:profileinstaller:1.2.0] AndroidManifest.xml:45:17-85
118-->[androidx.profileinstaller:profileinstaller:1.2.0] AndroidManifest.xml:45:25-82
119            </intent-filter>
120        </receiver>
121    </application>
122
123</manifest>